--2019-02-03 01:36:39--  http://www2.informatik.uni-freiburg.de/~cziegler/BX/BX-CSV-Dump.zip
Resolving www2.informatik.uni-freiburg.de (www2.informatik.uni-freiburg.de)... 132.230.105.133
Connecting to www2.informatik.uni-freiburg.de (www2.informatik.uni-freiburg.de)|132.230.105.133|:80... connected.
HTTP request sent, awaiting response... 200 OK
Length: 26085508 (25M) [application/zip]
Saving to: ‘BX-CSV-Dump.zip’

     0K .......... .......... .......... .......... ..........  0% 58.7K 7m13s
    50K .......... .......... .......... .......... ..........  0% 29.3K 10m48s
   100K .......... .......... .......... .......... ..........  0% 23.5K 13m11s
   150K .......... .......... .......... .......... ..........  0% 39.1K 12m34s
   200K .......... .......... .......... .......... ..........  0% 56.2K 11m31s
   250K .......... .......... .......... .......... ..........  1% 58.7K 10m46s
   300K .......... .......... .......... .......... ..........  1% 39.2K 10m45s
   350K .......... .......... .......... .......... ..........  1% 58.6K 10m16s
   400K .......... .......... .......... .......... ..........  1% 58.7K 9m54s
   450K .......... .......... .......... .......... ..........  1% 58.6K 9m36s
   500K .......... .......... .......... .......... ..........  2% 28.7K 10m2s
   550K .......... .......... .......... .......... ..........  2% 23.3K 10m39s
   600K .......... .......... .......... .......... ..........  2% 23.5K 11m10s
   650K .......... .......... .......... .......... ..........  2% 33.5K 11m14s
   700K .......... .......... .......... .......... ..........  2% 39.1K 11m10s
   750K .......... .......... .......... .......... ..........  3% 26.1K 11m26s
   800K .......... .......... .......... .......... ..........  3% 33.5K 11m28s
   850K .......... .......... .......... .......... ..........  3% 39.1K 11m23s
   900K .......... .......... .......... .......... ..........  3% 46.9K 11m13s
   950K .......... .......... .......... .......... ..........  3% 46.6K 11m5s
  1000K .......... .......... .......... .......... ..........  4% 39.1K 11m1s
  1050K .......... .......... .......... .......... ..........  4% 23.6K 11m17s
  1100K .......... .......... .......... .......... ..........  4% 27.7K 11m24s
  1150K .......... .......... .......... .......... ..........  4% 41.1K 11m19s
  1200K .......... .......... .......... .......... ..........  4% 46.9K 11m11s
  1250K .......... .......... .......... .......... ..........  5% 54.5K 11m1s
  1300K .......... .......... .......... .......... ..........  5% 41.2K 10m57s
  1350K .......... .......... .......... .......... ..........  5% 58.7K 10m47s
  1400K .......... .......... .......... .......... ..........  5% 33.5K 10m48s
  1450K .......... .......... .......... .......... ..........  5% 38.6K 10m46s
  1500K .......... .......... .......... .......... ..........  6% 47.0K 10m40s
  1550K .......... .......... .......... .......... ..........  6% 47.7K 10m34s
  1600K .......... .......... .......... .......... ..........  6% 57.5K 10m27s
  1650K .......... .......... .......... .......... ..........  6% 47.0K 10m22s
  1700K .......... .......... .......... .......... ..........  6% 58.8K 10m14s
  1750K .......... .......... .......... .......... ..........  7% 58.0K 10m7s
  1800K .......... .......... .......... .......... ..........  7% 45.3K 10m4s
  1850K .......... .......... .......... .......... ..........  7% 49.4K 9m59s
  1900K .......... .......... .......... .......... ..........  7% 58.8K 9m53s
  1950K .......... .......... .......... .......... ..........  7% 58.7K 9m47s
  2000K .......... .......... .......... .......... ..........  8% 39.1K 9m46s
  2050K .......... .......... .......... .......... ..........  8% 47.0K 9m42s
  2100K .......... .......... .......... .......... ..........  8% 58.8K 9m37s
  2150K .......... .......... .......... .......... ..........  8% 78.3K 9m29s
  2200K .......... .......... .......... .......... ..........  8%  117K 9m20s
  2250K .......... .......... .......... .......... ..........  9%  193K 9m9s
  2300K .......... .......... .......... .......... ..........  9% 84.5K 9m2s
  2350K .......... .......... .......... .......... ..........  9%  233K 8m52s
  2400K .......... .......... .......... .......... ..........  9%  117K 8m44s
  2450K .......... .......... .......... .......... ..........  9%  116K 8m36s
  2500K .......... .......... .......... .......... .......... 10% 78.4K 8m31s
  2550K .......... .......... .......... .......... .......... 10% 78.4K 8m25s
  2600K .......... .......... .......... .......... .......... 10% 47.5K 8m24s
  2650K .......... .......... .......... .......... .......... 10% 58.3K 8m21s
  2700K .......... .......... .......... .......... .......... 10% 58.5K 8m18s
  2750K .......... .......... .......... .......... .......... 10% 47.4K 8m16s
  2800K .......... .......... .......... .......... .......... 11% 39.2K 8m16s
  2850K .......... .......... .......... .......... .......... 11% 46.9K 8m15s
  2900K .......... .......... .......... .......... .......... 11% 38.9K 8m15s
  2950K .......... .......... .......... .......... .......... 11% 47.0K 8m14s
  3000K .......... .......... .......... .......... .......... 11% 58.8K 8m11s
  3050K .......... .......... .......... .......... .......... 12% 59.4K 8m8s
  3100K .......... .......... .......... .......... .......... 12% 76.0K 8m4s
  3150K .......... .......... .......... .......... .......... 12% 60.1K 8m1s
  3200K .......... .......... .......... .......... .......... 12% 78.3K 7m57s
  3250K .......... .......... .......... .......... .......... 12% 78.3K 7m53s
  3300K .......... .......... .......... .......... .......... 13%  112K 7m48s
  3350K .......... .......... .......... .......... .......... 13% 79.7K 7m44s
  3400K .......... .......... .......... .......... .......... 13% 77.0K 7m40s
  3450K .......... .......... .......... .......... .......... 13% 80.8K 7m37s
  3500K .......... .......... .......... .......... .......... 13% 78.2K 7m33s
  3550K .......... .......... .......... .......... .......... 14%  103K 7m29s
  3600K .......... .......... .......... .......... .......... 14% 63.1K 7m26s
  3650K .......... .......... .......... .......... .......... 14% 71.6K 7m24s
  3700K .......... .......... .......... .......... .......... 14% 58.8K 7m22s
  3750K .......... .......... .......... .......... .......... 14% 49.7K 7m20s
  3800K .......... .......... .......... .......... .......... 15% 71.7K 7m18s
  3850K .......... .......... .......... .......... .......... 15% 63.0K 7m15s
  3900K .......... .......... .......... .......... .......... 15% 58.7K 7m14s
  3950K .......... .......... .......... .......... .......... 15% 78.3K 7m11s
  4000K .......... .......... .......... .......... .......... 15% 78.2K 7m8s
  4050K .......... .......... .......... .......... .......... 16% 58.7K 7m6s
  4100K .......... .......... .......... .......... .......... 16% 78.2K 7m3s
  4150K .......... .......... .......... .......... .......... 16% 56.3K 7m2s
  4200K .......... .......... .......... .......... .......... 16% 83.2K 6m59s
  4250K .......... .......... .......... .......... .......... 16% 70.9K 6m56s
  4300K .......... .......... .......... .......... .......... 17% 58.9K 6m55s
  4350K .......... .......... .......... .......... .......... 17% 48.4K 6m54s
  4400K .......... .......... .......... .......... .......... 17% 60.5K 6m52s
  4450K .......... .......... .......... .......... .......... 17% 58.8K 6m51s
  4500K .......... .......... .......... .......... .......... 17% 77.8K 6m48s
  4550K .......... .......... .......... .......... .......... 18% 58.4K 6m47s
  4600K .......... .......... .......... .......... .......... 18% 46.8K 6m46s
  4650K .......... .......... .......... .......... .......... 18% 44.2K 6m46s
  4700K .......... .......... .......... .......... .......... 18% 26.1K 6m49s
  4750K .......... .......... .......... .......... .......... 18% 26.1K 6m52s
  4800K .......... .......... .......... .......... .......... 19% 39.2K 6m52s
  4850K .......... .......... .......... .......... .......... 19% 58.7K 6m50s
  4900K .......... .......... .......... .......... .......... 19% 77.5K 6m48s
  4950K .......... .......... .......... .......... .......... 19% 78.9K 6m46s
  5000K .......... .......... .......... .......... .......... 19%  117K 6m42s
  5050K .......... .......... .......... .......... .......... 20%  117K 6m39s
  5100K .......... .......... .......... .......... .......... 20%  233K 6m35s
  5150K .......... .......... .......... .......... .......... 20%  236K 6m31s
  5200K .......... .......... .......... .......... .......... 20%  234K 6m27s
  5250K .......... .......... .......... .......... .......... 20%  235K 6m23s
  5300K .......... .......... .......... .......... .......... 21%  233K 6m20s
  5350K .......... .......... .......... .......... .......... 21%  233K 6m16s
  5400K .......... .......... .......... .......... .......... 21%  256M 6m12s
  5450K .......... .......... .......... .......... .......... 21%  118K 6m9s
  5500K .......... .......... .......... .......... .......... 21%  118K 6m6s
  5550K .......... .......... .......... .......... .......... 21% 24.0M 6m2s
  5600K .......... .......... .......... .......... .......... 22%  117K 5m59s
  5650K .......... .......... .......... .......... .......... 22%  235K 5m56s
  5700K .......... .......... .......... .......... .......... 22%  118K 5m54s
  5750K .......... .......... .......... .......... .......... 22%  117K 5m51s
  5800K .......... .......... .......... .......... .......... 22%  118K 5m49s
  5850K .......... .......... .......... .......... .......... 23%  117K 5m46s
  5900K .......... .......... .......... .......... .......... 23%  117K 5m44s
  5950K .......... .......... .......... .......... .......... 23%  117K 5m41s
  6000K .......... .......... .......... .......... .......... 23%  117K 5m39s
  6050K .......... .......... .......... .......... .......... 23%  117K 5m37s
  6100K .......... .......... .......... .......... .......... 24%  117K 5m35s
  6150K .......... .......... .......... .......... .......... 24% 78.3K 5m33s
  6200K .......... .......... .......... .......... .......... 24%  118K 5m31s
  6250K .......... .......... .......... .......... .......... 24%  117K 5m29s
  6300K .......... .......... .......... .......... .......... 24% 78.1K 5m27s
  6350K .......... .......... .......... .......... .......... 25%  108K 5m25s
  6400K .......... .......... .......... .......... .......... 25% 83.0K 5m23s
  6450K .......... .......... .......... .......... .......... 25% 47.1K 5m23s
  6500K .......... .......... .......... .......... .......... 25% 69.7K 5m22s
  6550K .......... .......... .......... .......... .......... 25% 41.7K 5m22s
  6600K .......... .......... .......... .......... .......... 26% 47.0K 5m22s
  6650K .......... .......... .......... .......... .......... 26% 38.0K 5m22s
  6700K .......... .......... .......... .......... .......... 26% 46.9K 5m22s
  6750K .......... .......... .......... .......... .......... 26% 61.8K 5m21s
  6800K .......... .......... .......... .......... .......... 26% 73.1K 5m20s
  6850K .......... .......... .......... .......... .......... 27% 78.4K 5m18s
  6900K .......... .......... .......... .......... .......... 27% 58.8K 5m17s
  6950K .......... .......... .......... .......... .......... 27% 47.0K 5m17s
  7000K .......... .......... .......... .......... .......... 27% 62.1K 5m16s
  7050K .......... .......... .......... .......... .......... 27% 58.6K 5m15s
  7100K .......... .......... .......... .......... .......... 28% 72.6K 5m14s
  7150K .......... .......... .......... .......... .......... 28% 47.1K 5m14s
  7200K .......... .......... .......... .......... .......... 28% 39.2K 5m14s
  7250K .......... .......... .......... .......... .......... 28% 58.7K 5m13s
  7300K .......... .......... .......... .......... .......... 28% 46.9K 5m13s
  7350K .......... .......... .......... .......... .......... 29% 55.3K 5m12s
  7400K .......... .......... .......... .......... .......... 29% 56.2K 5m11s
  7450K .......... .......... .......... .......... .......... 29% 61.4K 5m10s
  7500K .......... .......... .......... .......... .......... 29% 78.1K 5m9s
  7550K .......... .......... .......... .......... .......... 29%  108K 5m7s
  7600K .......... .......... .......... .......... .......... 30%  117K 5m5s
  7650K .......... .......... .......... .......... .......... 30%  118K 5m3s
  7700K .......... .......... .......... .......... .......... 30%  149K 5m1s
  7750K .......... .......... .......... .......... .......... 30%  117K 4m59s
  7800K .......... .......... .......... .......... .......... 30% 96.4K 4m58s
  7850K .......... .......... .......... .......... .......... 31% 58.9K 4m57s
  7900K .......... .......... .......... .......... .......... 31% 75.8K 4m56s
  7950K .......... .......... .......... .......... .......... 31% 59.4K 4m55s
  8000K .......... .......... .......... .......... .......... 31% 58.6K 4m54s
  8050K .......... .......... .......... .......... .......... 31% 61.9K 4m53s
  8100K .......... .......... .......... .......... .......... 31% 56.2K 4m52s
  8150K .......... .......... .......... .......... .......... 32% 48.8K 4m52s
  8200K .......... .......... .......... .......... .......... 32% 58.8K 4m51s
  8250K .......... .......... .......... .......... .......... 32% 69.0K 4m50s
  8300K .......... .......... .......... .......... .......... 32% 58.6K 4m49s
  8350K .......... .......... .......... .......... .......... 32% 49.1K 4m49s
  8400K .......... .......... .......... .......... .......... 33% 57.4K 4m48s
  8450K .......... .......... .......... .......... .......... 33% 72.7K 4m47s
  8500K .......... .......... .......... .......... .......... 33% 78.1K 4m45s
  8550K .......... .......... .......... .......... .......... 33% 59.2K 4m45s
  8600K .......... .......... .......... .......... .......... 33% 77.4K 4m43s
  8650K .......... .......... .......... .......... .......... 34% 62.2K 4m42s
  8700K .......... .......... .......... .......... .......... 34% 71.9K 4m41s
  8750K .......... .......... .......... .......... .......... 34% 72.7K 4m40s
  8800K .......... .......... .......... .......... .......... 34% 83.9K 4m39s
  8850K .......... .......... .......... .......... .......... 34% 72.7K 4m38s
  8900K .......... .......... .......... .......... .......... 35% 85.0K 4m36s
  8950K .......... .......... .......... .......... .......... 35% 71.9K 4m35s
  9000K .......... .......... .......... .......... .......... 35% 58.6K 4m35s
  9050K .......... .......... .......... .......... .......... 35% 63.1K 4m34s
  9100K .......... .......... .......... .......... .......... 35% 76.5K 4m32s
  9150K .......... .......... .......... .......... .......... 36% 78.3K 4m31s
  9200K .......... .......... .......... .......... .......... 36%  103K 4m30s
  9250K .......... .......... .......... .......... .......... 36% 85.7K 4m29s
  9300K .......... .......... .......... .......... .......... 36%  101K 4m27s
  9350K .......... .......... .......... .......... .......... 36%  118K 4m26s
  9400K .......... .......... .......... .......... .......... 37%  115K 4m24s
  9450K .......... .......... .......... .......... .......... 37%  138K 4m23s
  9500K .......... .......... .......... .......... .......... 37%  179K 4m21s
  9550K .......... .......... .......... .......... .......... 37%  142K 4m19s
  9600K .......... .......... .......... .......... .......... 37%  222K 4m17s
  9650K .......... .......... .......... .......... .......... 38%  178K 4m16s
  9700K .......... .......... .......... .......... .......... 38%  236K 4m14s
  9750K .......... .......... .......... .......... .......... 38%  147K 4m12s
  9800K .......... .......... .......... .......... .......... 38%  223K 4m11s
  9850K .......... .......... .......... .......... .......... 38%  169K 4m9s
  9900K .......... .......... .......... .......... .......... 39% 90.0K 4m8s
  9950K .......... .......... .......... .......... .......... 39%  248K 4m6s
 10000K .......... .......... .......... .......... .......... 39%  115K 4m5s
 10050K .......... .......... .......... .......... .......... 39% 77.5K 4m4s
 10100K .......... .......... .......... .......... .......... 39%  120K 4m2s
 10150K .......... .......... .......... .......... .......... 40% 59.0K 4m2s
 10200K .......... .......... .......... .......... .......... 40%  116K 4m0s
 10250K .......... .......... .......... .......... .......... 40% 58.3K 4m0s
 10300K .......... .......... .......... .......... .......... 40% 59.5K 3m59s
 10350K .......... .......... .......... .......... .......... 40% 58.7K 3m58s
 10400K .......... .......... .......... .......... .......... 41% 46.9K 3m58s
 10450K .......... .......... .......... .......... .......... 41% 56.2K 3m57s
 10500K .......... .......... .......... .......... .......... 41% 59.8K 3m57s
 10550K .......... .......... .......... .......... .......... 41% 60.0K 3m56s
 10600K .......... .......... .......... .......... .......... 41% 76.3K 3m55s
 10650K .......... .......... .......... .......... .......... 42% 78.4K 3m54s
 10700K .......... .......... .......... .......... .......... 42% 78.2K 3m53s
 10750K .......... .......... .......... .......... .......... 42% 46.0K 3m52s
 10800K .......... .......... .......... .......... .......... 42% 29.4K 3m53s
 10850K .......... .......... .......... .......... .......... 42% 26.1K 3m54s
 10900K .......... .......... .......... .......... .......... 42% 39.1K 3m53s
 10950K .......... .......... .......... .......... .......... 43% 46.7K 3m53s
 11000K .......... .......... .......... .......... .......... 43% 47.0K 3m52s
 11050K .......... .......... .......... .......... .......... 43% 47.2K 3m52s
 11100K .......... .......... .......... .......... .......... 43% 39.1K 3m52s
 11150K .......... .......... .......... .......... .......... 43% 33.5K 3m52s
 11200K .......... .......... .......... .......... .......... 44% 58.6K 3m51s
 11250K .......... .......... .......... .......... .......... 44% 46.7K 3m51s
 11300K .......... .......... .......... .......... .......... 44% 47.0K 3m50s
 11350K .......... .......... .......... .......... .......... 44% 58.5K 3m49s
 11400K .......... .......... .......... .......... .......... 44% 58.6K 3m49s
 11450K .......... .......... .......... .......... .......... 45% 74.2K 3m48s
 11500K .......... .......... .......... .......... .......... 45% 61.2K 3m47s
 11550K .......... .......... .......... .......... .......... 45% 56.4K 3m46s
 11600K .......... .......... .......... .......... .......... 45% 48.5K 3m46s
 11650K .......... .......... .......... .......... .......... 45% 46.6K 3m45s
 11700K .......... .......... .......... .......... .......... 46% 33.8K 3m45s
 11750K .......... .......... .......... .......... .......... 46% 33.4K 3m45s
 11800K .......... .......... .......... .......... .......... 46% 46.9K 3m44s
 11850K .......... .......... .......... .......... .......... 46% 46.8K 3m44s
 11900K .......... .......... .......... .......... .......... 46% 58.7K 3m43s
 11950K .......... .......... .......... .......... .......... 47% 56.3K 3m42s
 12000K .......... .......... .......... .......... .......... 47% 77.9K 3m41s
 12050K .......... .......... .......... .......... .......... 47% 58.8K 3m40s
 12100K .......... .......... .......... .......... .......... 47% 46.9K 3m40s
 12150K .......... .......... .......... .......... .......... 47% 45.7K 3m39s
 12200K .......... .......... .......... .......... .......... 48% 48.1K 3m39s
 12250K .......... .......... .......... .......... .......... 48% 47.0K 3m38s
 12300K .......... .......... .......... .......... .......... 48% 53.8K 3m37s
 12350K .......... .......... .......... .......... .......... 48% 57.1K 3m37s
 12400K .......... .......... .......... .......... .......... 48% 48.8K 3m36s
 12450K .......... .......... .......... .......... .......... 49% 60.0K 3m35s
 12500K .......... .......... .......... .......... .......... 49% 58.0K 3m34s
 12550K .......... .......... .......... .......... .......... 49% 46.7K 3m34s
 12600K .......... .......... .......... .......... .......... 49% 28.4K 3m34s
 12650K .......... .......... .......... .......... .......... 49% 39.0K 3m34s
 12700K .......... .......... .......... .......... .......... 50% 47.0K 3m33s
 12750K .......... .......... .......... .......... .......... 50% 47.0K 3m32s
 12800K .......... .......... .......... .......... .......... 50% 57.6K 3m32s
 12850K .......... .......... .......... .......... .......... 50% 46.9K 3m31s
 12900K .......... .......... .......... .......... .......... 50% 77.0K 3m30s
 12950K .......... .......... .......... .......... .......... 51% 57.7K 3m29s
 13000K .......... .......... .......... .......... .......... 51% 57.2K 3m28s
 13050K .......... .......... .......... .......... .......... 51% 56.5K 3m28s
 13100K .......... .......... .......... .......... .......... 51% 40.6K 3m27s
 13150K .......... .......... .......... .......... .......... 51% 46.9K 3m26s
 13200K .......... .......... .......... .......... .......... 52% 77.5K 3m25s
 13250K .......... .......... .......... .......... .......... 52% 57.9K 3m25s
 13300K .......... .......... .......... .......... .......... 52% 76.4K 3m24s
 13350K .......... .......... .......... .......... .......... 52% 78.0K 3m23s
 13400K .......... .......... .......... .......... .......... 52% 80.8K 3m22s
 13450K .......... .......... .......... .......... .......... 52% 59.4K 3m21s
 13500K .......... .......... .......... .......... .......... 53% 77.2K 3m20s
 13550K .......... .......... .......... .......... .......... 53% 74.3K 3m19s
 13600K .......... .......... .......... .......... .......... 53% 61.2K 3m18s
 13650K .......... .......... .......... .......... .......... 53% 56.4K 3m17s
 13700K .......... .......... .......... .......... .......... 53% 34.4K 3m17s
 13750K .......... .......... .......... .......... .......... 54% 29.2K 3m17s
 13800K .......... .......... .......... .......... .......... 54% 46.4K 3m16s
 13850K .......... .......... .......... .......... .......... 54% 47.3K 3m15s
 13900K .......... .......... .......... .......... .......... 54% 46.7K 3m15s
 13950K .......... .......... .......... .......... .......... 54% 57.3K 3m14s
 14000K .......... .......... .......... .......... .......... 55% 58.8K 3m13s
 14050K .......... .......... .......... .......... .......... 55% 47.8K 3m12s
 14100K .......... .......... .......... .......... .......... 55% 78.2K 3m11s
 14150K .......... .......... .......... .......... .......... 55% 57.3K 3m10s
 14200K .......... .......... .......... .......... .......... 55% 58.8K 3m10s
 14250K .......... .......... .......... .......... .......... 56% 47.8K 3m9s
 14300K .......... .......... .......... .......... .......... 56% 58.7K 3m8s
 14350K .......... .......... .......... .......... .......... 56% 57.6K 3m7s
 14400K .......... .......... .......... .......... .......... 56% 60.0K 3m6s
 14450K .......... .......... .......... .......... .......... 56% 47.0K 3m6s
 14500K .......... .......... .......... .......... .......... 57% 78.2K 3m5s
 14550K .......... .......... .......... .......... .......... 57% 58.7K 3m4s
 14600K .......... .......... .......... .......... .......... 57% 78.3K 3m3s
 14650K .......... .......... .......... .......... .......... 57% 58.8K 3m2s
 14700K .......... .......... .......... .......... .......... 57% 78.4K 3m1s
 14750K .......... .......... .......... .......... .......... 58% 78.3K 3m0s
 14800K .......... .......... .......... .......... .......... 58% 58.7K 2m59s
 14850K .......... .......... .......... .......... .......... 58% 72.0K 2m58s
 14900K .......... .......... .......... .......... .......... 58% 63.0K 2m57s
 14950K .......... .......... .......... .......... .......... 58%  103K 2m56s
 15000K .......... .......... .......... .......... .......... 59% 62.9K 2m55s
 15050K .......... .......... .......... .......... .......... 59% 58.6K 2m55s
 15100K .......... .......... .......... .......... .......... 59% 44.7K 2m54s
 15150K .......... .......... .......... .......... .......... 59% 49.6K 2m53s
 15200K .......... .......... .......... .......... .......... 59% 78.3K 2m52s
 15250K .......... .......... .......... .......... .......... 60% 58.6K 2m51s
 15300K .......... .......... .......... .......... .......... 60% 58.7K 2m51s
 15350K .......... .......... .......... .......... .......... 60% 78.3K 2m50s
 15400K .......... .......... .......... .......... .......... 60% 44.7K 2m49s
 15450K .......... .......... .......... .......... .......... 60% 41.0K 2m48s
 15500K .......... .......... .......... .......... .......... 61% 56.0K 2m48s
 15550K .......... .......... .......... .......... .......... 61% 48.8K 2m47s
 15600K .......... .......... .......... .......... .......... 61% 46.1K 2m46s
 15650K .......... .......... .......... .......... .......... 61% 43.1K 2m45s
 15700K .......... .......... .......... .......... .......... 61% 57.2K 2m45s
 15750K .......... .......... .......... .......... .......... 62% 33.3K 2m44s
 15800K .......... .......... .......... .......... .......... 62% 33.4K 2m44s
 15850K .......... .......... .......... .......... .......... 62% 41.6K 2m43s
 15900K .......... .......... .......... .......... .......... 62% 40.6K 2m42s
 15950K .......... .......... .......... .......... .......... 62% 20.7K 2m43s
 16000K .......... .......... .......... .......... .......... 63% 25.1K 2m42s
 16050K .......... .......... .......... .......... .......... 63% 33.3K 2m42s
 16100K .......... .......... .......... .......... .......... 63% 25.3K 2m42s
 16150K .......... .......... .......... .......... .......... 63% 23.8K 2m41s
 16200K .......... .......... .......... .......... .......... 63% 27.0K 2m41s
 16250K .......... .......... .......... .......... .......... 63% 35.3K 2m41s
 16300K .......... .......... .......... .......... .......... 64% 53.3K 2m40s
 16350K .......... .......... .......... .......... .......... 64% 55.7K 2m39s
 16400K .......... .......... .......... .......... .......... 64% 58.3K 2m38s
 16450K .......... .......... .......... .......... .......... 64% 53.3K 2m37s
 16500K .......... .......... .......... .......... .......... 64% 58.3K 2m36s
 16550K .......... .......... .......... .......... .......... 65% 53.3K 2m35s
 16600K .......... .......... .......... .......... .......... 65% 44.5K 2m35s
 16650K .......... .......... .......... .......... .......... 65% 37.1K 2m34s
 16700K .......... .......... .......... .......... .......... 65% 44.6K 2m33s
 16750K .......... .......... .......... .......... .......... 65% 37.1K 2m33s
 16800K .......... .......... .......... .......... .......... 66% 27.8K 2m32s
 16850K .......... .......... .......... .......... .......... 66% 22.3K 2m32s
 16900K .......... .......... .......... .......... .......... 66% 37.0K 2m31s
 16950K .......... .......... .......... .......... .......... 66% 37.1K 2m31s
 17000K .......... .......... .......... .......... .......... 66% 55.7K 2m30s
 17050K .......... .......... .......... .......... .......... 67% 55.6K 2m29s
 17100K .......... .......... .......... .......... .......... 67% 53.3K 2m28s
 17150K .......... .......... .......... .......... .......... 67% 46.1K 2m27s
 17200K .......... .......... .......... .......... .......... 67% 53.3K 2m26s
 17250K .......... .......... .......... .......... .......... 67% 37.1K 2m26s
 17300K .......... .......... .......... .......... .......... 68% 44.5K 2m25s
 17350K .......... .......... .......... .......... .......... 68% 37.1K 2m24s
 17400K .......... .......... .......... .......... .......... 68% 27.8K 2m24s
 17450K .......... .......... .......... .......... .......... 68% 37.1K 2m23s
 17500K .......... .......... .......... .......... .......... 68% 24.5K 2m23s
 17550K .......... .......... .......... .......... .......... 69% 20.0K 2m23s
 17600K .......... .......... .......... .......... .......... 69% 24.7K 2m22s
 17650K .......... .......... .......... .......... .......... 69% 55.7K 2m21s
 17700K .......... .......... .......... .......... .......... 69% 37.2K 2m21s
 17750K .......... .......... .......... .......... .......... 69% 44.5K 2m20s
 17800K .......... .......... .......... .......... .......... 70% 44.6K 2m19s
 17850K .......... .......... .......... .......... .......... 70% 44.6K 2m18s
 17900K .......... .......... .......... .......... .......... 70% 24.7K 2m18s
 17950K .......... .......... .......... .......... .......... 70% 27.9K 2m17s
 18000K .......... .......... .......... .......... .......... 70% 22.3K 2m17s
 18050K .......... .......... .......... .......... .......... 71% 37.1K 2m16s
 18100K .......... .......... .......... .......... .......... 71% 55.7K 2m15s
 18150K .......... .......... .......... .......... .......... 71% 69.7K 2m14s
 18200K .......... .......... .......... .......... .......... 71% 72.6K 2m13s
 18250K .......... .......... .......... .......... .......... 71% 43.8K 2m12s
 18300K .......... .......... .......... .......... .......... 72% 44.0K 2m11s
 18350K .......... .......... .......... .......... .......... 72% 44.4K 2m11s
 18400K .......... .......... .......... .......... .......... 72% 55.6K 2m10s
 18450K .......... .......... .......... .......... .......... 72% 21.7K 2m9s
 18500K .......... .......... .......... .......... .......... 72% 27.7K 2m9s
 18550K .......... .......... .......... .......... .......... 73% 24.0K 2m8s
 18600K .......... .......... .......... .......... .......... 73% 27.8K 2m7s
 18650K .......... .......... .......... .......... .......... 73% 24.1K 2m7s
 18700K .......... .......... .......... .......... .......... 73% 31.7K 2m6s
 18750K .......... .......... .......... .......... .......... 73% 27.8K 2m6s
 18800K .......... .......... .......... .......... .......... 73% 53.3K 2m5s
 18850K .......... .......... .......... .......... .......... 74% 46.1K 2m4s
 18900K .......... .......... .......... .......... .......... 74% 55.8K 2m3s
 18950K .......... .......... .......... .......... .......... 74% 74.3K 2m2s
 19000K .......... .......... .......... .......... .......... 74% 70.1K 2m1s
 19050K .......... .......... .......... .......... .......... 74% 44.6K 2m0s
 19100K .......... .......... .......... .......... .......... 75% 55.7K 1m59s
 19150K .......... .......... .......... .......... .......... 75% 74.2K 1m58s
 19200K .......... .......... .......... .......... .......... 75% 74.4K 1m57s
 19250K .......... .......... .......... .......... .......... 75%  121K 1m56s
 19300K .......... .......... .......... .......... .......... 75%  112K 1m55s
 19350K .......... .......... .......... .......... .......... 76%  111K 1m54s
 19400K .......... .......... .......... .......... .......... 76% 89.4M 1m52s
 19450K .......... .......... .......... .......... .......... 76% 74.5K 1m51s
 19500K .......... .......... .......... .......... .......... 76%  222K 1m50s
 19550K .......... .......... .......... .......... .......... 76%  111K 1m49s
 19600K .......... .......... .......... .......... .......... 77% 74.4K 1m48s
 19650K .......... .......... .......... .......... .......... 77% 74.2K 1m47s
 19700K .......... .......... .......... .......... .......... 77% 74.3K 1m46s
 19750K .......... .......... .......... .......... .......... 77% 55.7K 1m45s
 19800K .......... .......... .......... .......... .......... 77% 44.5K 1m44s
 19850K .......... .......... .......... .......... .......... 78% 74.2K 1m43s
 19900K .......... .......... .......... .......... .......... 78% 44.5K 1m42s
 19950K .......... .......... .......... .......... .......... 78% 55.7K 1m42s
 20000K .......... .......... .......... .......... .......... 78% 55.6K 1m41s
 20050K .......... .......... .......... .......... .......... 78% 53.3K 1m40s
 20100K .......... .......... .......... .......... .......... 79% 24.8K 99s
 20150K .......... .......... .......... .......... .......... 79% 27.8K 98s
 20200K .......... .......... .......... .......... .......... 79% 20.2K 98s
 20250K .......... .......... .......... .......... .......... 79% 28.3K 97s
 20300K .......... .......... .......... .......... .......... 79% 55.7K 96s
 20350K .......... .......... .......... .......... .......... 80% 55.7K 95s
 20400K .......... .......... .......... .......... .......... 80% 55.6K 94s
 20450K .......... .......... .......... .......... .......... 80% 44.6K 93s
 20500K .......... .......... .......... .......... .......... 80% 44.5K 92s
 20550K .......... .......... .......... .......... .......... 80% 55.7K 91s
 20600K .......... .......... .......... .......... .......... 81% 44.5K 91s
 20650K .......... .......... .......... .......... .......... 81% 37.1K 90s
 20700K .......... .......... .......... .......... .......... 81% 37.1K 89s
 20750K .......... .......... .......... .......... .......... 81% 53.4K 88s
 20800K .......... .......... .......... .......... .......... 81% 46.2K 87s
 20850K .......... .......... .......... .......... .......... 82% 37.1K 86s
 20900K .......... .......... .......... .......... .......... 82% 37.1K 85s
 20950K .......... .......... .......... .......... .......... 82% 44.5K 84s
 21000K .......... .......... .......... .......... .......... 82% 44.7K 84s
 21050K .......... .......... .......... .......... .......... 82% 55.6K 83s
 21100K .......... .......... .......... .......... .......... 83% 55.7K 82s
 21150K .......... .......... .......... .......... .......... 83% 74.3K 81s
 21200K .......... .......... .......... .......... .......... 83% 74.0K 80s
 21250K .......... .......... .......... .......... .......... 83% 44.6K 79s
 21300K .......... .......... .......... .......... .......... 83% 37.2K 78s
 21350K .......... .......... .......... .......... .......... 84% 53.4K 77s
 21400K .......... .......... .......... .......... .......... 84% 46.2K 76s
 21450K .......... .......... .......... .......... .......... 84% 74.2K 75s
 21500K .......... .......... .......... .......... .......... 84% 74.2K 74s
 21550K .......... .......... .......... .......... .......... 84%  103K 73s
 21600K .......... .......... .......... .......... .......... 84% 74.3K 72s
 21650K .......... .......... .......... .......... .......... 85% 78.7K 71s
 21700K .......... .......... .......... .......... .......... 85%  103K 70s
 21750K .......... .......... .......... .......... .......... 85%  102K 69s
 21800K .......... .......... .......... .......... .......... 85% 84.1K 68s
 21850K .......... .......... .......... .......... .......... 85% 70.3K 67s
 21900K .......... .......... .......... .......... .......... 86%  122K 66s
 21950K .......... .......... .......... .......... .......... 86% 74.3K 65s
 22000K .......... .......... .......... .......... .......... 86% 43.1K 64s
 22050K .......... .......... .......... .......... .......... 86% 58.2K 63s
 22100K .......... .......... .......... .......... .......... 86% 53.5K 62s
 22150K .......... .......... .......... .......... .......... 87% 58.2K 61s
 22200K .......... .......... .......... .......... .......... 87% 70.3K 60s
 22250K .......... .......... .......... .......... .......... 87% 55.8K 59s
 22300K .......... .......... .......... .......... .......... 87% 46.0K 58s
 22350K .......... .......... .......... .......... .......... 87% 55.8K 57s
 22400K .......... .......... .......... .......... .......... 88% 70.6K 57s
 22450K .......... .......... .......... .......... .......... 88% 58.0K 56s
 22500K .......... .......... .......... .......... .......... 88% 70.7K 55s
 22550K .......... .......... .......... .......... .......... 88% 74.3K 54s
 22600K .......... .......... .......... .......... .......... 88% 78.3K 53s
 22650K .......... .......... .......... .......... .......... 89%  104K 52s
 22700K .......... .......... .......... .......... .......... 89% 78.1K 51s
 22750K .......... .......... .......... .......... .......... 89%  111K 50s
 22800K .......... .......... .......... .......... .......... 89%  112K 49s
 22850K .......... .......... .......... .......... .......... 89%  112K 48s
 22900K .......... .......... .......... .......... .......... 90%  194K 47s
 22950K .......... .......... .......... .......... .......... 90%  120K 46s
 23000K .......... .......... .......... .......... .......... 90%  222K 45s
 23050K .......... .......... .......... .......... .......... 90%  169K 44s
 23100K .......... .......... .......... .......... .......... 90%  272K 43s
 23150K .......... .......... .......... .......... .......... 91%  118K 42s
 23200K .......... .......... .......... .......... .......... 91% 75.1K 41s
 23250K .......... .......... .......... .......... .......... 91%  222K 40s
 23300K .......... .......... .......... .......... .......... 91%  104K 39s
 23350K .......... .......... .......... .......... .......... 91% 50.1K 38s
 23400K .......... .......... .......... .......... .......... 92% 65.4K 37s
 23450K .......... .......... .......... .......... .......... 92% 74.3K 36s
 23500K .......... .......... .......... .......... .......... 92% 70.9K 35s
 23550K .......... .......... .......... .......... .......... 92% 45.9K 34s
 23600K .......... .......... .......... .......... .......... 92% 61.9K 33s
 23650K .......... .......... .......... .......... .......... 93% 52.8K 32s
 23700K .......... .......... .......... .......... .......... 93% 44.6K 32s
 23750K .......... .......... .......... .......... .......... 93% 46.6K 31s
 23800K .......... .......... .......... .......... .......... 93% 44.5K 30s
 23850K .......... .......... .......... .......... .......... 93% 37.1K 29s
 23900K .......... .......... .......... .......... .......... 94% 37.1K 28s
 23950K .......... .......... .......... .......... .......... 94% 37.1K 27s
 24000K .......... .......... .......... .......... .......... 94% 31.1K 26s
 24050K .......... .......... .......... .......... .......... 94% 46.0K 25s
 24100K .......... .......... .......... .......... .......... 94% 37.1K 24s
 24150K .......... .......... .......... .......... .......... 94% 53.6K 24s
 24200K .......... .......... .......... .......... .......... 95% 44.5K 23s
 24250K .......... .......... .......... .......... .......... 95% 38.1K 22s
 24300K .......... .......... .......... .......... .......... 95% 44.6K 21s
 24350K .......... .......... .......... .......... .......... 95% 44.5K 20s
 24400K .......... .......... .......... .......... .......... 95% 43.2K 19s
 24450K .......... .......... .......... .......... .......... 96% 38.1K 18s
 24500K .......... .......... .......... .......... .......... 96% 31.8K 17s
 24550K .......... .......... .......... .......... .......... 96% 43.4K 16s
 24600K .......... .......... .......... .......... .......... 96% 44.5K 15s
 24650K .......... .......... .......... .......... .......... 96% 44.5K 14s
 24700K .......... .......... .......... .......... .......... 97% 44.5K 13s
 24750K .......... .......... .......... .......... .......... 97% 37.9K 13s
 24800K .......... .......... .......... .......... .......... 97% 44.6K 12s
 24850K .......... .......... .......... .......... .......... 97% 43.4K 11s
 24900K .......... .......... .......... .......... .......... 97% 45.7K 10s
 24950K .......... .......... .......... .......... .......... 98% 55.3K 9s
 25000K .......... .......... .......... .......... .......... 98% 55.7K 8s
 25050K .......... .......... .......... .......... .......... 98% 55.7K 7s
 25100K .......... .......... .......... .......... .......... 98% 55.8K 6s
 25150K .......... .......... .......... .......... .......... 98% 72.0K 5s
 25200K .......... .......... .......... .......... .......... 99% 44.6K 4s
 25250K .......... .......... .......... .......... .......... 99% 28.2K 3s
 25300K .......... .......... .......... .......... .......... 99% 35.5K 2s
 25350K .......... .......... .......... .......... .......... 99% 37.2K 1s
 25400K .......... .......... .......... .......... .......... 99% 44.6K 0s
 25450K .......... .......... ....                            100% 53.8K=7m56s

2019-02-03 01:44:36 (53.5 KB/s) - ‘BX-CSV-Dump.zip’ saved [26085508/26085508]

